=== System Metrics at 2025-11-24_15-38-42 ===
Docker Container Stats:
System Overview:
CPU: 5.5
Memory: 2.0Gi/3.8Gi
Disk: 15G/20G
----------------------------------------
=== System Metrics at 2025-11-24_15-39-12 ===
Docker Container Stats:
NAME                                         CPU %     MEM USAGE / LIMIT     NET I/O           BLOCK I/O
flink-checkpoint-experiment_taskmanager2_1   1.72%     360.4MiB / 3.777GiB   13.3kB / 13.8kB   13.8MB / 21.7MB
flink-checkpoint-experiment_taskmanager1_1   2.97%     350.9MiB / 3.777GiB   13.4kB / 13.8kB   16.1MB / 25.9MB
flink-checkpoint-experiment_taskmanager3_1   3.35%     361MiB / 3.777GiB     13.1kB / 13.8kB   16.3MB / 22MB
flink-checkpoint-experiment_jobmanager_1     17.17%    225.5MiB / 3.777GiB   49.7kB / 17.1kB   88.8MB / 56.6MB
System Overview:
CPU: 0.0
Memory: 3.2Gi/3.8Gi
Disk: 15G/20G
----------------------------------------
=== System Metrics at 2025-11-24_15-39-45 ===
Docker Container Stats:
NAME                                         CPU %     MEM USAGE / LIMIT     NET I/O           BLOCK I/O
flink-checkpoint-experiment_taskmanager2_1   2.09%     809.5MiB / 3.777GiB   64.1MB / 127kB    347MB / 88.2MB
flink-checkpoint-experiment_taskmanager1_1   1.22%     349.8MiB / 3.777GiB   64.7MB / 753kB    35.4MB / 133MB
flink-checkpoint-experiment_taskmanager3_1   1.09%     335.2MiB / 3.777GiB   20.1kB / 29.3kB   17.4MB / 53MB
flink-checkpoint-experiment_jobmanager_1     3.73%     503.4MiB / 3.777GiB   925kB / 129MB     143MB / 200MB
System Overview:
CPU: 2.1
Memory: 3.2Gi/3.8Gi
Disk: 15G/20G
----------------------------------------
=== System Metrics at 2025-11-24_15-40-17 ===
Docker Container Stats:
NAME                                         CPU %     MEM USAGE / LIMIT     NET I/O           BLOCK I/O
flink-checkpoint-experiment_taskmanager2_1   3.38%     808MiB / 3.777GiB     64.2MB / 219kB    347MB / 88.2MB
flink-checkpoint-experiment_taskmanager1_1   3.65%     332.6MiB / 3.777GiB   64.7MB / 807kB    37.2MB / 133MB
flink-checkpoint-experiment_taskmanager3_1   3.11%     329.1MiB / 3.777GiB   28.2kB / 48.1kB   18.4MB / 59.5MB
flink-checkpoint-experiment_jobmanager_1     1.94%     513.4MiB / 3.777GiB   1.09MB / 129MB    146MB / 205MB
System Overview:
CPU: 1.1
Memory: 3.2Gi/3.8Gi
Disk: 15G/20G
----------------------------------------
=== System Metrics at 2025-11-24_15-40-49 ===
Docker Container Stats:
NAME                                         CPU %     MEM USAGE / LIMIT     NET I/O           BLOCK I/O
flink-checkpoint-experiment_taskmanager2_1   1.28%     809.1MiB / 3.777GiB   64.2MB / 334kB    347MB / 88.2MB
flink-checkpoint-experiment_taskmanager1_1   1.36%     324.5MiB / 3.777GiB   64.7MB / 868kB    37.7MB / 133MB
flink-checkpoint-experiment_taskmanager3_1   1.09%     323MiB / 3.777GiB     34.5kB / 63.3kB   19MB / 67.9MB
flink-checkpoint-experiment_jobmanager_1     4.85%     502.4MiB / 3.777GiB   1.29MB / 129MB    147MB / 208MB
System Overview:
CPU: 1.1
Memory: 3.2Gi/3.8Gi
Disk: 15G/20G
----------------------------------------
=== System Metrics at 2025-11-24_15-41-22 ===
Docker Container Stats:
NAME                                         CPU %     MEM USAGE / LIMIT     NET I/O           BLOCK I/O
flink-checkpoint-experiment_taskmanager2_1   7.46%     806.4MiB / 3.777GiB   64.2MB / 395kB    347MB / 98.7MB
flink-checkpoint-experiment_taskmanager1_1   0.00%     324.6MiB / 3.777GiB   64.7MB / 868kB    37.7MB / 133MB
flink-checkpoint-experiment_taskmanager3_1   2.05%     290MiB / 3.777GiB     39.3kB / 74.4kB   21MB / 77.3MB
flink-checkpoint-experiment_jobmanager_1     2.84%     506.9MiB / 3.777GiB   1.4MB / 129MB     148MB / 208MB
System Overview:
CPU: 7.1
Memory: 3.2Gi/3.8Gi
Disk: 15G/20G
----------------------------------------
=== System Metrics at 2025-11-24_15-41-54 ===
Docker Container Stats:
NAME                                         CPU %     MEM USAGE / LIMIT     NET I/O           BLOCK I/O
flink-checkpoint-experiment_taskmanager2_1   1.51%     826.5MiB / 3.777GiB   64.2MB / 551kB    347MB / 98.7MB
flink-checkpoint-experiment_taskmanager1_1   1.35%     325.8MiB / 3.777GiB   64.8MB / 985kB    39MB / 133MB
flink-checkpoint-experiment_taskmanager3_1   1.14%     281.3MiB / 3.777GiB   50.4kB / 98.6kB   22.2MB / 77.4MB
flink-checkpoint-experiment_jobmanager_1     1.70%     527.2MiB / 3.777GiB   1.73MB / 129MB    149MB / 208MB
System Overview:
CPU: 1.1
Memory: 3.2Gi/3.8Gi
Disk: 15G/20G
----------------------------------------
=== System Metrics at 2025-11-24_15-42-27 ===
Docker Container Stats:
NAME                                         CPU %     MEM USAGE / LIMIT     NET I/O           BLOCK I/O
flink-checkpoint-experiment_taskmanager2_1   3.37%     763.1MiB / 3.777GiB   64.3MB / 710kB    347MB / 99.7MB
flink-checkpoint-experiment_taskmanager1_1   3.81%     323.6MiB / 3.777GiB   64.8MB / 1.07MB   39.7MB / 133MB
flink-checkpoint-experiment_taskmanager3_1   1.25%     259.5MiB / 3.777GiB   62.4kB / 123kB    23.5MB / 77.8MB
flink-checkpoint-experiment_jobmanager_1     5.54%     527.5MiB / 3.777GiB   2.03MB / 129MB    150MB / 210MB
System Overview:
CPU: 1.1
Memory: 3.2Gi/3.8Gi
Disk: 15G/20G
----------------------------------------
=== System Metrics at 2025-11-24_15-42-59 ===
Docker Container Stats:
NAME                                         CPU %     MEM USAGE / LIMIT     NET I/O           BLOCK I/O
flink-checkpoint-experiment_taskmanager2_1   1.10%     758.4MiB / 3.777GiB   64.3MB / 864kB    348MB / 99.8MB
flink-checkpoint-experiment_taskmanager1_1   0.92%     320.5MiB / 3.777GiB   64.8MB / 1.15MB   40.2MB / 134MB
flink-checkpoint-experiment_taskmanager3_1   0.78%     257.4MiB / 3.777GiB   75.7kB / 152kB    24.5MB / 78MB
flink-checkpoint-experiment_jobmanager_1     1.09%     542MiB / 3.777GiB     2.31MB / 129MB    150MB / 212MB
System Overview:
CPU: 1.1
Memory: 3.2Gi/3.8Gi
Disk: 15G/20G
----------------------------------------
=== System Metrics at 2025-11-24_15-43-31 ===
Docker Container Stats:
NAME                                         CPU %     MEM USAGE / LIMIT     NET I/O           BLOCK I/O
flink-checkpoint-experiment_taskmanager2_1   1.20%     721MiB / 3.777GiB     64.3MB / 1.02MB   348MB / 101MB
flink-checkpoint-experiment_taskmanager1_1   1.70%     270.8MiB / 3.777GiB   64.8MB / 1.23MB   41.6MB / 146MB
flink-checkpoint-experiment_taskmanager3_1   2.19%     216.7MiB / 3.777GiB   88.1kB / 176kB    25.7MB / 81.6MB
flink-checkpoint-experiment_jobmanager_1     2.55%     518.4MiB / 3.777GiB   2.62MB / 131MB    154MB / 245MB
System Overview:
CPU: 1.1
Memory: 3.2Gi/3.8Gi
Disk: 15G/20G
----------------------------------------
=== System Metrics at 2025-11-24_15-44-04 ===
Docker Container Stats:
NAME                                         CPU %     MEM USAGE / LIMIT     NET I/O          BLOCK I/O
flink-checkpoint-experiment_taskmanager2_1   1.12%     475.4MiB / 3.777GiB   129MB / 1.85MB   360MB / 434MB
flink-checkpoint-experiment_taskmanager1_1   1.23%     717MiB / 3.777GiB     130MB / 2.03MB   433MB / 253MB
flink-checkpoint-experiment_taskmanager3_1   1.09%     121.3MiB / 3.777GiB   97.3kB / 196kB   30.4MB / 150MB
flink-checkpoint-experiment_jobmanager_1     1.77%     489.9MiB / 3.777GiB   4.33MB / 261MB   217MB / 424MB
System Overview:
CPU: 2.0
Memory: 3.2Gi/3.8Gi
Disk: 15G/20G
----------------------------------------
=== System Metrics at 2025-11-24_15-44-36 ===
Docker Container Stats:
NAME                                         CPU %     MEM USAGE / LIMIT     NET I/O          BLOCK I/O
flink-checkpoint-experiment_taskmanager2_1   6.58%     464.7MiB / 3.777GiB   129MB / 1.93MB   363MB / 434MB
flink-checkpoint-experiment_taskmanager1_1   5.52%     721.3MiB / 3.777GiB   130MB / 2.09MB   434MB / 253MB
flink-checkpoint-experiment_taskmanager3_1   0.67%     122MiB / 3.777GiB     104kB / 212kB    32.8MB / 150MB
flink-checkpoint-experiment_jobmanager_1     2.58%     484.8MiB / 3.777GiB   4.5MB / 261MB    222MB / 428MB
System Overview:
CPU: 16.7
Memory: 3.2Gi/3.8Gi
Disk: 15G/20G
----------------------------------------
=== System Metrics at 2025-11-24_15-45-09 ===
Docker Container Stats:
NAME                                         CPU %     MEM USAGE / LIMIT     NET I/O          BLOCK I/O
flink-checkpoint-experiment_taskmanager2_1   1.02%     412.6MiB / 3.777GiB   129MB / 2.01MB   365MB / 448MB
flink-checkpoint-experiment_taskmanager1_1   0.90%     705MiB / 3.777GiB     130MB / 2.17MB   434MB / 253MB
flink-checkpoint-experiment_taskmanager3_1   0.78%     103.8MiB / 3.777GiB   111kB / 231kB    34.3MB / 153MB
flink-checkpoint-experiment_jobmanager_1     6.83%     462.1MiB / 3.777GiB   4.68MB / 261MB   225MB / 473MB
System Overview:
CPU: 0.0
Memory: 3.2Gi/3.8Gi
Disk: 15G/20G
----------------------------------------
=== System Metrics at 2025-11-24_15-45-41 ===
Docker Container Stats:
NAME                                         CPU %     MEM USAGE / LIMIT     NET I/O          BLOCK I/O
flink-checkpoint-experiment_taskmanager2_1   0.00%     392.5MiB / 3.777GiB   129MB / 2.05MB   365MB / 448MB
flink-checkpoint-experiment_taskmanager1_1   0.58%     653.7MiB / 3.777GiB   130MB / 2.22MB   435MB / 260MB
flink-checkpoint-experiment_taskmanager3_1   0.51%     88.83MiB / 3.777GiB   121kB / 246kB    35.7MB / 153MB
flink-checkpoint-experiment_jobmanager_1     0.75%     422.1MiB / 3.777GiB   4.81MB / 261MB   228MB / 507MB
System Overview:
CPU: 0.0
Memory: 3.1Gi/3.8Gi
Disk: 15G/20G
----------------------------------------
=== System Metrics at 2025-11-24_15-46-13 ===
Docker Container Stats:
System Overview:
CPU: 0.0
Memory: 1.7Gi/3.8Gi
Disk: 15G/20G
----------------------------------------
=== System Metrics at 2025-11-24_15-46-44 ===
Docker Container Stats:
System Overview:
CPU: 10.5
Memory: 1.7Gi/3.8Gi
Disk: 15G/20G
----------------------------------------
=== System Metrics at 2025-11-24_15-47-14 ===
Docker Container Stats:
System Overview:
CPU: 1.1
Memory: 1.6Gi/3.8Gi
Disk: 15G/20G
----------------------------------------
=== System Metrics at 2025-11-24_15-47-44 ===
Docker Container Stats:
System Overview:
CPU: 1.1
Memory: 1.6Gi/3.8Gi
Disk: 15G/20G
----------------------------------------
=== System Metrics at 2025-11-24_15-48-14 ===
Docker Container Stats:
System Overview:
CPU: 7.9
Memory: 1.6Gi/3.8Gi
Disk: 15G/20G
----------------------------------------
=== System Metrics at 2025-11-24_15-48-45 ===
Docker Container Stats:
System Overview:
CPU: 2.2
Memory: 1.6Gi/3.8Gi
Disk: 15G/20G
----------------------------------------
=== System Metrics at 2025-11-24_15-49-15 ===
Docker Container Stats:
System Overview:
CPU: 2.2
Memory: 1.6Gi/3.8Gi
Disk: 15G/20G
----------------------------------------
=== System Metrics at 2025-11-24_15-49-45 ===
Docker Container Stats:
System Overview:
CPU: 2.2
Memory: 1.6Gi/3.8Gi
Disk: 15G/20G
----------------------------------------
=== System Metrics at 2025-11-24_15-50-16 ===
Docker Container Stats:
System Overview:
CPU: 1.1
Memory: 1.6Gi/3.8Gi
Disk: 15G/20G
----------------------------------------
=== System Metrics at 2025-11-24_15-50-46 ===
Docker Container Stats:
System Overview:
CPU: 2.2
Memory: 1.6Gi/3.8Gi
Disk: 15G/20G
----------------------------------------
=== System Metrics at 2025-11-24_15-51-16 ===
Docker Container Stats:
System Overview:
CPU: 1.1
Memory: 1.6Gi/3.8Gi
Disk: 15G/20G
----------------------------------------
=== System Metrics at 2025-11-24_15-51-46 ===
Docker Container Stats:
System Overview:
CPU: 1.2
Memory: 1.5Gi/3.8Gi
Disk: 15G/20G
----------------------------------------
=== System Metrics at 2025-11-24_15-52-17 ===
Docker Container Stats:
System Overview:
CPU: 2.3
Memory: 1.7Gi/3.8Gi
Disk: 15G/20G
----------------------------------------
=== System Metrics at 2025-11-24_15-52-47 ===
Docker Container Stats:
System Overview:
CPU: 1.1
Memory: 1.8Gi/3.8Gi
Disk: 15G/20G
----------------------------------------
=== System Metrics at 2025-11-24_15-53-17 ===
Docker Container Stats:
System Overview:
CPU: 1.1
Memory: 1.6Gi/3.8Gi
Disk: 15G/20G
----------------------------------------
=== System Metrics at 2025-11-24_15-53-47 ===
Docker Container Stats:
System Overview:
CPU: 2.2
Memory: 1.7Gi/3.8Gi
Disk: 15G/20G
----------------------------------------
=== System Metrics at 2025-11-24_15-54-18 ===
Docker Container Stats:
System Overview:
CPU: 7.0
Memory: 1.6Gi/3.8Gi
Disk: 15G/20G
----------------------------------------
=== System Metrics at 2025-11-24_15-54-48 ===
Docker Container Stats:
System Overview:
CPU: 2.1
Memory: 1.7Gi/3.8Gi
Disk: 15G/20G
----------------------------------------
=== System Metrics at 2025-11-24_15-55-18 ===
Docker Container Stats:
System Overview:
CPU: 0.0
Memory: 1.7Gi/3.8Gi
Disk: 15G/20G
----------------------------------------
=== System Metrics at 2025-11-24_15-55-49 ===
Docker Container Stats:
System Overview:
CPU: 1.1
Memory: 1.6Gi/3.8Gi
Disk: 15G/20G
----------------------------------------
=== System Metrics at 2025-11-24_15-56-19 ===
Docker Container Stats:
System Overview:
CPU: 1.1
Memory: 1.6Gi/3.8Gi
Disk: 15G/20G
----------------------------------------
=== System Metrics at 2025-11-24_15-56-49 ===
Docker Container Stats:
System Overview:
CPU: 1.1
Memory: 1.6Gi/3.8Gi
Disk: 15G/20G
----------------------------------------
=== System Metrics at 2025-11-24_15-57-19 ===
Docker Container Stats:
System Overview:
CPU: 7.0
Memory: 1.7Gi/3.8Gi
Disk: 15G/20G
----------------------------------------
=== System Metrics at 2025-11-24_15-57-50 ===
Docker Container Stats:
System Overview:
CPU: 1.1
Memory: 1.7Gi/3.8Gi
Disk: 15G/20G
----------------------------------------
=== System Metrics at 2025-11-24_15-58-20 ===
Docker Container Stats:
System Overview:
CPU: 11.5
Memory: 1.8Gi/3.8Gi
Disk: 15G/20G
----------------------------------------
=== System Metrics at 2025-11-24_15-58-50 ===
Docker Container Stats:
System Overview:
CPU: 2.2
Memory: 1.8Gi/3.8Gi
Disk: 15G/20G
----------------------------------------
=== System Metrics at 2025-11-24_15-59-20 ===
Docker Container Stats:
System Overview:
CPU: 1.2
Memory: 1.7Gi/3.8Gi
Disk: 15G/20G
----------------------------------------
=== System Metrics at 2025-11-24_15-59-51 ===
Docker Container Stats:
System Overview:
CPU: 1.1
Memory: 1.7Gi/3.8Gi
Disk: 15G/20G
----------------------------------------
=== System Metrics at 2025-11-24_16-00-21 ===
Docker Container Stats:
System Overview:
CPU: 1.2
Memory: 1.7Gi/3.8Gi
Disk: 15G/20G
----------------------------------------
=== System Metrics at 2025-11-24_16-00-51 ===
Docker Container Stats:
System Overview:
CPU: 1.1
Memory: 1.7Gi/3.8Gi
Disk: 15G/20G
----------------------------------------
